<?xml version="1.0" encoding="utf-8"?><testsuites name="pytest tests"><testsuite name="pytest" errors="0" failures="0" skipped="0" tests="5" time="1.595" timestamp="2026-04-30T23:28:18.779534+00:00" hostname="agent-env-10ccbd88-ebd5-40e7-92e2-18c078c60d29"><testcase classname="backend.tests.test_register_new_fields" name="test_register_with_all_new_fields_returns_200" time="0.628" /><testcase classname="backend.tests.test_register_new_fields" name="test_profile_persists_logo_cover_and_socials" time="0.000" /><testcase classname="backend.tests.test_register_new_fields" name="test_get_entrepreneurs_includes_new_fields" time="0.281" /><testcase classname="backend.tests.test_register_new_fields" name="test_register_minimal_step3_optional" time="0.312" /><testcase classname="backend.tests.test_register_new_fields" name="test_admin_login_regression" time="0.308" /></testsuite></testsuites>