<?xml version="1.0" encoding="utf-8"?><testsuites name="pytest tests"><testsuite name="pytest" errors="0" failures="0" skipped="0" tests="40" time="8.265" timestamp="2026-04-27T16:17:54.899181+00:00" hostname="agent-env-10ccbd88-ebd5-40e7-92e2-18c078c60d29"><testcase classname="backend.tests.backend_test.TestCategories" name="test_categories_returns_12" time="0.338" /><testcase classname="backend.tests.backend_test.TestAuth" name="test_login_admin" time="0.307" /><testcase classname="backend.tests.backend_test.TestAuth" name="test_login_entrepreneur" time="0.318" /><testcase classname="backend.tests.backend_test.TestAuth" name="test_login_client" time="0.332" /><testcase classname="backend.tests.backend_test.TestAuth" name="test_login_invalid" time="0.317" /><testcase classname="backend.tests.backend_test.TestAuth" name="test_me_entrepreneur_has_profile" time="0.637" /><testcase classname="backend.tests.backend_test.TestAuth" name="test_me_client_no_profile" time="0.450" /><testcase classname="backend.tests.backend_test.TestAuth" name="test_me_no_auth" time="0.097" /><testcase classname="backend.tests.backend_test.TestAuth" name="test_register_entrepreneur" time="0.822" /><testcase classname="backend.tests.backend_test.TestAuth" name="test_register_entrepreneur_bad_category" time="0.138" /><testcase classname="backend.tests.backend_test.TestAuth" name="test_register_entrepreneur_duplicate" time="0.071" /><testcase classname="backend.tests.backend_test.TestAuth" name="test_register_entrepreneur_short_password" time="0.096" /><testcase classname="backend.tests.backend_test.TestAuth" name="test_register_client" time="0.413" /><testcase classname="backend.tests.backend_test.TestEntrepreneurs" name="test_list_requires_auth" time="0.076" /><testcase classname="backend.tests.backend_test.TestEntrepreneurs" name="test_list_with_auth" time="0.098" /><testcase classname="backend.tests.backend_test.TestEntrepreneurs" name="test_list_filter_category" time="0.096" /><testcase classname="backend.tests.backend_test.TestEntrepreneurs" name="test_list_filter_q" time="0.094" /><testcase classname="backend.tests.backend_test.TestEntrepreneurs" name="test_list_filter_city" time="0.075" /><testcase classname="backend.tests.backend_test.TestEntrepreneurs" name="test_preview_no_auth" time="0.082" /><testcase classname="backend.tests.backend_test.TestEntrepreneurs" name="test_detail_requires_auth" time="0.217" /><testcase classname="backend.tests.backend_test.TestEntrepreneurs" name="test_detail_with_auth" time="0.176" /><testcase classname="backend.tests.backend_test.TestEntrepreneurs" name="test_detail_404" time="0.070" /><testcase classname="backend.tests.backend_test.TestEntrepreneurs" name="test_update_me_entrepreneur" time="0.172" /><testcase classname="backend.tests.backend_test.TestEntrepreneurs" name="test_update_me_client_forbidden" time="0.073" /><testcase classname="backend.tests.backend_test.TestEntrepreneurs" name="test_update_me_admin_forbidden" time="0.081" /><testcase classname="backend.tests.backend_test.TestContact" name="test_contact_no_auth" time="0.126" /><testcase classname="backend.tests.backend_test.TestAdmin" name="test_stats_requires_admin" time="0.086" /><testcase classname="backend.tests.backend_test.TestAdmin" name="test_stats_no_auth" time="0.068" /><testcase classname="backend.tests.backend_test.TestAdmin" name="test_stats_admin" time="0.113" /><testcase classname="backend.tests.backend_test.TestAdmin" name="test_admin_entrepreneurs_forbidden_for_client" time="0.137" /><testcase classname="backend.tests.backend_test.TestAdmin" name="test_admin_entrepreneurs_forbidden_for_entrepreneur" time="0.087" /><testcase classname="backend.tests.backend_test.TestAdmin" name="test_admin_list_entrepreneurs" time="0.117" /><testcase classname="backend.tests.backend_test.TestAdmin" name="test_admin_toggle_featured" time="0.345" /><testcase classname="backend.tests.backend_test.TestAdmin" name="test_admin_delete_entrepreneur_full" time="0.550" /><testcase classname="backend.tests.backend_test.TestAdmin" name="test_admin_clients" time="0.118" /><testcase classname="backend.tests.backend_test.TestAdmin" name="test_admin_messages_and_mark_read" time="0.340" /><testcase classname="backend.tests.backend_test.TestAdmin" name="test_admin_messages_forbidden" time="0.132" /><testcase classname="backend.tests.backend_test.TestAdmin" name="test_admin_export_entrepreneurs_csv" time="0.096" /><testcase classname="backend.tests.backend_test.TestAdmin" name="test_admin_export_clients_csv" time="0.082" /><testcase classname="backend.tests.backend_test.TestAdmin" name="test_admin_export_forbidden" time="0.110" /></testsuite></testsuites>